C:\USERS\COLPAIN\DOCUMENTS\VISUAL STUDIO 2012\PROJECTS\PORTERSTEMMINGALGORITHM\DEBUG\PORTERSTEMMINGALGORITHM.ILK
C:\USERS\COLPAIN\DOCUMENTS\VISUAL STUDIO 2012\PROJECTS\PORTERSTEMMINGALGORITHM\DEBUG\PORTERSTEMMINGALGORITHM.EXE
C:\USERS\COLPAIN\DOCUMENTS\VISUAL STUDIO 2012\PROJECTS\PORTERSTEMMINGALGORITHM\DEBUG\PORTERSTEMMINGALGORITHM.PDB
C:\Users\Colpain\Documents\Visual Studio 2012\Projects\PorterStemmingAlgorithm\PorterStemmingAlgorithm\Debug\data_handler.cu.cache
C:\Users\Colpain\Documents\Visual Studio 2012\Projects\PorterStemmingAlgorithm\PorterStemmingAlgorithm\Debug\kernel.cu.cache
C:\Users\Colpain\Documents\Visual Studio 2012\Projects\PorterStemmingAlgorithm\PorterStemmingAlgorithm\Debug\porter_stemming_cpu.cu.cache
C:\Users\Colpain\Documents\Visual Studio 2012\Projects\PorterStemmingAlgorithm\PorterStemmingAlgorithm\Debug\porter_stemming_shared_memory.cu.cache
C:\Users\Colpain\Documents\Visual Studio 2012\Projects\PorterStemmingAlgorithm\PorterStemmingAlgorithm\Debug\stemmer_function.cu.cache
C:\Users\Colpain\Documents\Visual Studio 2012\Projects\PorterStemmingAlgorithm\PorterStemmingAlgorithm\Debug\utils.cu.cache
C:\Users\Colpain\Documents\Visual Studio 2012\Projects\PorterStemmingAlgorithm\PorterStemmingAlgorithm\Debug\data_handler.cu.obj
C:\Users\Colpain\Documents\Visual Studio 2012\Projects\PorterStemmingAlgorithm\PorterStemmingAlgorithm\Debug\kernel.cu.obj
C:\Users\Colpain\Documents\Visual Studio 2012\Projects\PorterStemmingAlgorithm\PorterStemmingAlgorithm\Debug\PorterStemmingAlgorithm.device-link.obj
C:\Users\Colpain\Documents\Visual Studio 2012\Projects\PorterStemmingAlgorithm\PorterStemmingAlgorithm\Debug\porter_stemming_cpu.cu.obj
C:\Users\Colpain\Documents\Visual Studio 2012\Projects\PorterStemmingAlgorithm\PorterStemmingAlgorithm\Debug\porter_stemming_shared_memory.cu.obj
C:\Users\Colpain\Documents\Visual Studio 2012\Projects\PorterStemmingAlgorithm\PorterStemmingAlgorithm\Debug\stemmer_function.cu.obj
C:\Users\Colpain\Documents\Visual Studio 2012\Projects\PorterStemmingAlgorithm\PorterStemmingAlgorithm\Debug\utils.cu.obj
C:\Users\Colpain\Documents\Visual Studio 2012\Projects\PorterStemmingAlgorithm\PorterStemmingAlgorithm\Debug\link-cvtres.read.1.tlog
C:\Users\Colpain\Documents\Visual Studio 2012\Projects\PorterStemmingAlgorithm\PorterStemmingAlgorithm\Debug\link-cvtres.write.1.tlog
C:\Users\Colpain\Documents\Visual Studio 2012\Projects\PorterStemmingAlgorithm\PorterStemmingAlgorithm\Debug\link-rc.read.1.tlog
C:\Users\Colpain\Documents\Visual Studio 2012\Projects\PorterStemmingAlgorithm\PorterStemmingAlgorithm\Debug\link-rc.write.1.tlog
C:\Users\Colpain\Documents\Visual Studio 2012\Projects\PorterStemmingAlgorithm\PorterStemmingAlgorithm\Debug\link.2192-cvtres.read.1.tlog
C:\Users\Colpain\Documents\Visual Studio 2012\Projects\PorterStemmingAlgorithm\PorterStemmingAlgorithm\Debug\link.2192-cvtres.write.1.tlog
C:\Users\Colpain\Documents\Visual Studio 2012\Projects\PorterStemmingAlgorithm\PorterStemmingAlgorithm\Debug\link.2192-rc.read.1.tlog
C:\Users\Colpain\Documents\Visual Studio 2012\Projects\PorterStemmingAlgorithm\PorterStemmingAlgorithm\Debug\link.2192-rc.write.1.tlog
C:\Users\Colpain\Documents\Visual Studio 2012\Projects\PorterStemmingAlgorithm\PorterStemmingAlgorithm\Debug\link.2192.read.1.tlog
C:\Users\Colpain\Documents\Visual Studio 2012\Projects\PorterStemmingAlgorithm\PorterStemmingAlgorithm\Debug\link.2192.write.1.tlog
C:\Users\Colpain\Documents\Visual Studio 2012\Projects\PorterStemmingAlgorithm\PorterStemmingAlgorithm\Debug\link.2336-cvtres.read.1.tlog
C:\Users\Colpain\Documents\Visual Studio 2012\Projects\PorterStemmingAlgorithm\PorterStemmingAlgorithm\Debug\link.2336-cvtres.write.1.tlog
C:\Users\Colpain\Documents\Visual Studio 2012\Projects\PorterStemmingAlgorithm\PorterStemmingAlgorithm\Debug\link.2336-rc.read.1.tlog
C:\Users\Colpain\Documents\Visual Studio 2012\Projects\PorterStemmingAlgorithm\PorterStemmingAlgorithm\Debug\link.2336-rc.write.1.tlog
C:\Users\Colpain\Documents\Visual Studio 2012\Projects\PorterStemmingAlgorithm\PorterStemmingAlgorithm\Debug\link.2336.read.1.tlog
C:\Users\Colpain\Documents\Visual Studio 2012\Projects\PorterStemmingAlgorithm\PorterStemmingAlgorithm\Debug\link.2336.write.1.tlog
C:\Users\Colpain\Documents\Visual Studio 2012\Projects\PorterStemmingAlgorithm\PorterStemmingAlgorithm\Debug\link.2604-cvtres.read.1.tlog
C:\Users\Colpain\Documents\Visual Studio 2012\Projects\PorterStemmingAlgorithm\PorterStemmingAlgorithm\Debug\link.2604-cvtres.write.1.tlog
C:\Users\Colpain\Documents\Visual Studio 2012\Projects\PorterStemmingAlgorithm\PorterStemmingAlgorithm\Debug\link.2604-rc.read.1.tlog
C:\Users\Colpain\Documents\Visual Studio 2012\Projects\PorterStemmingAlgorithm\PorterStemmingAlgorithm\Debug\link.2604-rc.write.1.tlog
C:\Users\Colpain\Documents\Visual Studio 2012\Projects\PorterStemmingAlgorithm\PorterStemmingAlgorithm\Debug\link.2604.read.1.tlog
C:\Users\Colpain\Documents\Visual Studio 2012\Projects\PorterStemmingAlgorithm\PorterStemmingAlgorithm\Debug\link.2604.write.1.tlog
C:\Users\Colpain\Documents\Visual Studio 2012\Projects\PorterStemmingAlgorithm\PorterStemmingAlgorithm\Debug\link.3076-cvtres.read.1.tlog
C:\Users\Colpain\Documents\Visual Studio 2012\Projects\PorterStemmingAlgorithm\PorterStemmingAlgorithm\Debug\link.3076-cvtres.write.1.tlog
C:\Users\Colpain\Documents\Visual Studio 2012\Projects\PorterStemmingAlgorithm\PorterStemmingAlgorithm\Debug\link.3076-rc.read.1.tlog
C:\Users\Colpain\Documents\Visual Studio 2012\Projects\PorterStemmingAlgorithm\PorterStemmingAlgorithm\Debug\link.3076-rc.write.1.tlog
C:\Users\Colpain\Documents\Visual Studio 2012\Projects\PorterStemmingAlgorithm\PorterStemmingAlgorithm\Debug\link.3076.read.1.tlog
C:\Users\Colpain\Documents\Visual Studio 2012\Projects\PorterStemmingAlgorithm\PorterStemmingAlgorithm\Debug\link.3076.write.1.tlog
C:\Users\Colpain\Documents\Visual Studio 2012\Projects\PorterStemmingAlgorithm\PorterStemmingAlgorithm\Debug\link.3292-cvtres.read.1.tlog
C:\Users\Colpain\Documents\Visual Studio 2012\Projects\PorterStemmingAlgorithm\PorterStemmingAlgorithm\Debug\link.3292-cvtres.write.1.tlog
C:\Users\Colpain\Documents\Visual Studio 2012\Projects\PorterStemmingAlgorithm\PorterStemmingAlgorithm\Debug\link.3292-rc.read.1.tlog
C:\Users\Colpain\Documents\Visual Studio 2012\Projects\PorterStemmingAlgorithm\PorterStemmingAlgorithm\Debug\link.3292-rc.write.1.tlog
C:\Users\Colpain\Documents\Visual Studio 2012\Projects\PorterStemmingAlgorithm\PorterStemmingAlgorithm\Debug\link.3292.read.1.tlog
C:\Users\Colpain\Documents\Visual Studio 2012\Projects\PorterStemmingAlgorithm\PorterStemmingAlgorithm\Debug\link.3292.write.1.tlog
C:\Users\Colpain\Documents\Visual Studio 2012\Projects\PorterStemmingAlgorithm\PorterStemmingAlgorithm\Debug\link.3600-cvtres.read.1.tlog
C:\Users\Colpain\Documents\Visual Studio 2012\Projects\PorterStemmingAlgorithm\PorterStemmingAlgorithm\Debug\link.3600-cvtres.write.1.tlog
C:\Users\Colpain\Documents\Visual Studio 2012\Projects\PorterStemmingAlgorithm\PorterStemmingAlgorithm\Debug\link.3600-rc.read.1.tlog
C:\Users\Colpain\Documents\Visual Studio 2012\Projects\PorterStemmingAlgorithm\PorterStemmingAlgorithm\Debug\link.3600-rc.write.1.tlog
C:\Users\Colpain\Documents\Visual Studio 2012\Projects\PorterStemmingAlgorithm\PorterStemmingAlgorithm\Debug\link.3600.read.1.tlog
C:\Users\Colpain\Documents\Visual Studio 2012\Projects\PorterStemmingAlgorithm\PorterStemmingAlgorithm\Debug\link.3600.write.1.tlog
C:\Users\Colpain\Documents\Visual Studio 2012\Projects\PorterStemmingAlgorithm\PorterStemmingAlgorithm\Debug\link.3740-cvtres.read.1.tlog
C:\Users\Colpain\Documents\Visual Studio 2012\Projects\PorterStemmingAlgorithm\PorterStemmingAlgorithm\Debug\link.3740-cvtres.write.1.tlog
C:\Users\Colpain\Documents\Visual Studio 2012\Projects\PorterStemmingAlgorithm\PorterStemmingAlgorithm\Debug\link.3740-rc.read.1.tlog
C:\Users\Colpain\Documents\Visual Studio 2012\Projects\PorterStemmingAlgorithm\PorterStemmingAlgorithm\Debug\link.3740-rc.write.1.tlog
C:\Users\Colpain\Documents\Visual Studio 2012\Projects\PorterStemmingAlgorithm\PorterStemmingAlgorithm\Debug\link.3740.read.1.tlog
C:\Users\Colpain\Documents\Visual Studio 2012\Projects\PorterStemmingAlgorithm\PorterStemmingAlgorithm\Debug\link.3740.write.1.tlog
C:\Users\Colpain\Documents\Visual Studio 2012\Projects\PorterStemmingAlgorithm\PorterStemmingAlgorithm\Debug\link.4132-cvtres.read.1.tlog
C:\Users\Colpain\Documents\Visual Studio 2012\Projects\PorterStemmingAlgorithm\PorterStemmingAlgorithm\Debug\link.4132-cvtres.write.1.tlog
C:\Users\Colpain\Documents\Visual Studio 2012\Projects\PorterStemmingAlgorithm\PorterStemmingAlgorithm\Debug\link.4132-rc.read.1.tlog
C:\Users\Colpain\Documents\Visual Studio 2012\Projects\PorterStemmingAlgorithm\PorterStemmingAlgorithm\Debug\link.4132-rc.write.1.tlog
C:\Users\Colpain\Documents\Visual Studio 2012\Projects\PorterStemmingAlgorithm\PorterStemmingAlgorithm\Debug\link.4132.read.1.tlog
C:\Users\Colpain\Documents\Visual Studio 2012\Projects\PorterStemmingAlgorithm\PorterStemmingAlgorithm\Debug\link.4132.write.1.tlog
C:\Users\Colpain\Documents\Visual Studio 2012\Projects\PorterStemmingAlgorithm\PorterStemmingAlgorithm\Debug\link.4164-cvtres.read.1.tlog
C:\Users\Colpain\Documents\Visual Studio 2012\Projects\PorterStemmingAlgorithm\PorterStemmingAlgorithm\Debug\link.4164-cvtres.write.1.tlog
C:\Users\Colpain\Documents\Visual Studio 2012\Projects\PorterStemmingAlgorithm\PorterStemmingAlgorithm\Debug\link.4164-rc.read.1.tlog
C:\Users\Colpain\Documents\Visual Studio 2012\Projects\PorterStemmingAlgorithm\PorterStemmingAlgorithm\Debug\link.4164-rc.write.1.tlog
C:\Users\Colpain\Documents\Visual Studio 2012\Projects\PorterStemmingAlgorithm\PorterStemmingAlgorithm\Debug\link.4164.read.1.tlog
C:\Users\Colpain\Documents\Visual Studio 2012\Projects\PorterStemmingAlgorithm\PorterStemmingAlgorithm\Debug\link.4164.write.1.tlog
C:\Users\Colpain\Documents\Visual Studio 2012\Projects\PorterStemmingAlgorithm\PorterStemmingAlgorithm\Debug\link.436-cvtres.read.1.tlog
C:\Users\Colpain\Documents\Visual Studio 2012\Projects\PorterStemmingAlgorithm\PorterStemmingAlgorithm\Debug\link.436-cvtres.write.1.tlog
C:\Users\Colpain\Documents\Visual Studio 2012\Projects\PorterStemmingAlgorithm\PorterStemmingAlgorithm\Debug\link.436-rc.read.1.tlog
C:\Users\Colpain\Documents\Visual Studio 2012\Projects\PorterStemmingAlgorithm\PorterStemmingAlgorithm\Debug\link.436-rc.write.1.tlog
C:\Users\Colpain\Documents\Visual Studio 2012\Projects\PorterStemmingAlgorithm\PorterStemmingAlgorithm\Debug\link.436.read.1.tlog
C:\Users\Colpain\Documents\Visual Studio 2012\Projects\PorterStemmingAlgorithm\PorterStemmingAlgorithm\Debug\link.436.write.1.tlog
C:\Users\Colpain\Documents\Visual Studio 2012\Projects\PorterStemmingAlgorithm\PorterStemmingAlgorithm\Debug\link.4680-cvtres.read.1.tlog
C:\Users\Colpain\Documents\Visual Studio 2012\Projects\PorterStemmingAlgorithm\PorterStemmingAlgorithm\Debug\link.4680-cvtres.write.1.tlog
C:\Users\Colpain\Documents\Visual Studio 2012\Projects\PorterStemmingAlgorithm\PorterStemmingAlgorithm\Debug\link.4680-rc.read.1.tlog
C:\Users\Colpain\Documents\Visual Studio 2012\Projects\PorterStemmingAlgorithm\PorterStemmingAlgorithm\Debug\link.4680-rc.write.1.tlog
C:\Users\Colpain\Documents\Visual Studio 2012\Projects\PorterStemmingAlgorithm\PorterStemmingAlgorithm\Debug\link.4680.read.1.tlog
C:\Users\Colpain\Documents\Visual Studio 2012\Projects\PorterStemmingAlgorithm\PorterStemmingAlgorithm\Debug\link.4680.write.1.tlog
C:\Users\Colpain\Documents\Visual Studio 2012\Projects\PorterStemmingAlgorithm\PorterStemmingAlgorithm\Debug\link.4932-cvtres.read.1.tlog
C:\Users\Colpain\Documents\Visual Studio 2012\Projects\PorterStemmingAlgorithm\PorterStemmingAlgorithm\Debug\link.4932-cvtres.write.1.tlog
C:\Users\Colpain\Documents\Visual Studio 2012\Projects\PorterStemmingAlgorithm\PorterStemmingAlgorithm\Debug\link.4932-rc.read.1.tlog
C:\Users\Colpain\Documents\Visual Studio 2012\Projects\PorterStemmingAlgorithm\PorterStemmingAlgorithm\Debug\link.4932-rc.write.1.tlog
C:\Users\Colpain\Documents\Visual Studio 2012\Projects\PorterStemmingAlgorithm\PorterStemmingAlgorithm\Debug\link.4932.read.1.tlog
C:\Users\Colpain\Documents\Visual Studio 2012\Projects\PorterStemmingAlgorithm\PorterStemmingAlgorithm\Debug\link.4932.write.1.tlog
C:\Users\Colpain\Documents\Visual Studio 2012\Projects\PorterStemmingAlgorithm\PorterStemmingAlgorithm\Debug\link.4968-cvtres.read.1.tlog
C:\Users\Colpain\Documents\Visual Studio 2012\Projects\PorterStemmingAlgorithm\PorterStemmingAlgorithm\Debug\link.4968-cvtres.write.1.tlog
C:\Users\Colpain\Documents\Visual Studio 2012\Projects\PorterStemmingAlgorithm\PorterStemmingAlgorithm\Debug\link.4968-rc.read.1.tlog
C:\Users\Colpain\Documents\Visual Studio 2012\Projects\PorterStemmingAlgorithm\PorterStemmingAlgorithm\Debug\link.4968-rc.write.1.tlog
C:\Users\Colpain\Documents\Visual Studio 2012\Projects\PorterStemmingAlgorithm\PorterStemmingAlgorithm\Debug\link.4968.read.1.tlog
C:\Users\Colpain\Documents\Visual Studio 2012\Projects\PorterStemmingAlgorithm\PorterStemmingAlgorithm\Debug\link.4968.write.1.tlog
C:\Users\Colpain\Documents\Visual Studio 2012\Projects\PorterStemmingAlgorithm\PorterStemmingAlgorithm\Debug\link.5148-cvtres.read.1.tlog
C:\Users\Colpain\Documents\Visual Studio 2012\Projects\PorterStemmingAlgorithm\PorterStemmingAlgorithm\Debug\link.5148-cvtres.write.1.tlog
C:\Users\Colpain\Documents\Visual Studio 2012\Projects\PorterStemmingAlgorithm\PorterStemmingAlgorithm\Debug\link.5148-rc.read.1.tlog
C:\Users\Colpain\Documents\Visual Studio 2012\Projects\PorterStemmingAlgorithm\PorterStemmingAlgorithm\Debug\link.5148-rc.write.1.tlog
C:\Users\Colpain\Documents\Visual Studio 2012\Projects\PorterStemmingAlgorithm\PorterStemmingAlgorithm\Debug\link.5148.read.1.tlog
C:\Users\Colpain\Documents\Visual Studio 2012\Projects\PorterStemmingAlgorithm\PorterStemmingAlgorithm\Debug\link.5148.write.1.tlog
C:\Users\Colpain\Documents\Visual Studio 2012\Projects\PorterStemmingAlgorithm\PorterStemmingAlgorithm\Debug\link.5156-cvtres.read.1.tlog
C:\Users\Colpain\Documents\Visual Studio 2012\Projects\PorterStemmingAlgorithm\PorterStemmingAlgorithm\Debug\link.5156-cvtres.write.1.tlog
C:\Users\Colpain\Documents\Visual Studio 2012\Projects\PorterStemmingAlgorithm\PorterStemmingAlgorithm\Debug\link.5156-rc.read.1.tlog
C:\Users\Colpain\Documents\Visual Studio 2012\Projects\PorterStemmingAlgorithm\PorterStemmingAlgorithm\Debug\link.5156-rc.write.1.tlog
C:\Users\Colpain\Documents\Visual Studio 2012\Projects\PorterStemmingAlgorithm\PorterStemmingAlgorithm\Debug\link.5156.read.1.tlog
C:\Users\Colpain\Documents\Visual Studio 2012\Projects\PorterStemmingAlgorithm\PorterStemmingAlgorithm\Debug\link.5156.write.1.tlog
C:\Users\Colpain\Documents\Visual Studio 2012\Projects\PorterStemmingAlgorithm\PorterStemmingAlgorithm\Debug\link.5172-cvtres.read.1.tlog
C:\Users\Colpain\Documents\Visual Studio 2012\Projects\PorterStemmingAlgorithm\PorterStemmingAlgorithm\Debug\link.5172-cvtres.write.1.tlog
C:\Users\Colpain\Documents\Visual Studio 2012\Projects\PorterStemmingAlgorithm\PorterStemmingAlgorithm\Debug\link.5172-rc.read.1.tlog
C:\Users\Colpain\Documents\Visual Studio 2012\Projects\PorterStemmingAlgorithm\PorterStemmingAlgorithm\Debug\link.5172-rc.write.1.tlog
C:\Users\Colpain\Documents\Visual Studio 2012\Projects\PorterStemmingAlgorithm\PorterStemmingAlgorithm\Debug\link.5172.read.1.tlog
C:\Users\Colpain\Documents\Visual Studio 2012\Projects\PorterStemmingAlgorithm\PorterStemmingAlgorithm\Debug\link.5172.write.1.tlog
C:\Users\Colpain\Documents\Visual Studio 2012\Projects\PorterStemmingAlgorithm\PorterStemmingAlgorithm\Debug\link.5208-cvtres.read.1.tlog
C:\Users\Colpain\Documents\Visual Studio 2012\Projects\PorterStemmingAlgorithm\PorterStemmingAlgorithm\Debug\link.5208-cvtres.write.1.tlog
C:\Users\Colpain\Documents\Visual Studio 2012\Projects\PorterStemmingAlgorithm\PorterStemmingAlgorithm\Debug\link.5208-rc.read.1.tlog
C:\Users\Colpain\Documents\Visual Studio 2012\Projects\PorterStemmingAlgorithm\PorterStemmingAlgorithm\Debug\link.5208-rc.write.1.tlog
C:\Users\Colpain\Documents\Visual Studio 2012\Projects\PorterStemmingAlgorithm\PorterStemmingAlgorithm\Debug\link.5208.read.1.tlog
C:\Users\Colpain\Documents\Visual Studio 2012\Projects\PorterStemmingAlgorithm\PorterStemmingAlgorithm\Debug\link.5208.write.1.tlog
C:\Users\Colpain\Documents\Visual Studio 2012\Projects\PorterStemmingAlgorithm\PorterStemmingAlgorithm\Debug\link.5256-cvtres.read.1.tlog
C:\Users\Colpain\Documents\Visual Studio 2012\Projects\PorterStemmingAlgorithm\PorterStemmingAlgorithm\Debug\link.5256-cvtres.write.1.tlog
C:\Users\Colpain\Documents\Visual Studio 2012\Projects\PorterStemmingAlgorithm\PorterStemmingAlgorithm\Debug\link.5256-rc.read.1.tlog
C:\Users\Colpain\Documents\Visual Studio 2012\Projects\PorterStemmingAlgorithm\PorterStemmingAlgorithm\Debug\link.5256-rc.write.1.tlog
C:\Users\Colpain\Documents\Visual Studio 2012\Projects\PorterStemmingAlgorithm\PorterStemmingAlgorithm\Debug\link.5256.read.1.tlog
C:\Users\Colpain\Documents\Visual Studio 2012\Projects\PorterStemmingAlgorithm\PorterStemmingAlgorithm\Debug\link.5256.write.1.tlog
C:\Users\Colpain\Documents\Visual Studio 2012\Projects\PorterStemmingAlgorithm\PorterStemmingAlgorithm\Debug\link.5284-cvtres.read.1.tlog
C:\Users\Colpain\Documents\Visual Studio 2012\Projects\PorterStemmingAlgorithm\PorterStemmingAlgorithm\Debug\link.5284-cvtres.write.1.tlog
C:\Users\Colpain\Documents\Visual Studio 2012\Projects\PorterStemmingAlgorithm\PorterStemmingAlgorithm\Debug\link.5284-rc.read.1.tlog
C:\Users\Colpain\Documents\Visual Studio 2012\Projects\PorterStemmingAlgorithm\PorterStemmingAlgorithm\Debug\link.5284-rc.write.1.tlog
C:\Users\Colpain\Documents\Visual Studio 2012\Projects\PorterStemmingAlgorithm\PorterStemmingAlgorithm\Debug\link.5284.read.1.tlog
C:\Users\Colpain\Documents\Visual Studio 2012\Projects\PorterStemmingAlgorithm\PorterStemmingAlgorithm\Debug\link.5284.write.1.tlog
C:\Users\Colpain\Documents\Visual Studio 2012\Projects\PorterStemmingAlgorithm\PorterStemmingAlgorithm\Debug\link.5420-cvtres.read.1.tlog
C:\Users\Colpain\Documents\Visual Studio 2012\Projects\PorterStemmingAlgorithm\PorterStemmingAlgorithm\Debug\link.5420-cvtres.write.1.tlog
C:\Users\Colpain\Documents\Visual Studio 2012\Projects\PorterStemmingAlgorithm\PorterStemmingAlgorithm\Debug\link.5420-rc.read.1.tlog
C:\Users\Colpain\Documents\Visual Studio 2012\Projects\PorterStemmingAlgorithm\PorterStemmingAlgorithm\Debug\link.5420-rc.write.1.tlog
C:\Users\Colpain\Documents\Visual Studio 2012\Projects\PorterStemmingAlgorithm\PorterStemmingAlgorithm\Debug\link.5420.read.1.tlog
C:\Users\Colpain\Documents\Visual Studio 2012\Projects\PorterStemmingAlgorithm\PorterStemmingAlgorithm\Debug\link.5420.write.1.tlog
C:\Users\Colpain\Documents\Visual Studio 2012\Projects\PorterStemmingAlgorithm\PorterStemmingAlgorithm\Debug\link.5552-cvtres.read.1.tlog
C:\Users\Colpain\Documents\Visual Studio 2012\Projects\PorterStemmingAlgorithm\PorterStemmingAlgorithm\Debug\link.5552-cvtres.write.1.tlog
C:\Users\Colpain\Documents\Visual Studio 2012\Projects\PorterStemmingAlgorithm\PorterStemmingAlgorithm\Debug\link.5552-rc.read.1.tlog
C:\Users\Colpain\Documents\Visual Studio 2012\Projects\PorterStemmingAlgorithm\PorterStemmingAlgorithm\Debug\link.5552-rc.write.1.tlog
C:\Users\Colpain\Documents\Visual Studio 2012\Projects\PorterStemmingAlgorithm\PorterStemmingAlgorithm\Debug\link.5552.read.1.tlog
C:\Users\Colpain\Documents\Visual Studio 2012\Projects\PorterStemmingAlgorithm\PorterStemmingAlgorithm\Debug\link.5552.write.1.tlog
C:\Users\Colpain\Documents\Visual Studio 2012\Projects\PorterStemmingAlgorithm\PorterStemmingAlgorithm\Debug\link.5656-cvtres.read.1.tlog
C:\Users\Colpain\Documents\Visual Studio 2012\Projects\PorterStemmingAlgorithm\PorterStemmingAlgorithm\Debug\link.5656-cvtres.write.1.tlog
C:\Users\Colpain\Documents\Visual Studio 2012\Projects\PorterStemmingAlgorithm\PorterStemmingAlgorithm\Debug\link.5656-rc.read.1.tlog
C:\Users\Colpain\Documents\Visual Studio 2012\Projects\PorterStemmingAlgorithm\PorterStemmingAlgorithm\Debug\link.5656-rc.write.1.tlog
C:\Users\Colpain\Documents\Visual Studio 2012\Projects\PorterStemmingAlgorithm\PorterStemmingAlgorithm\Debug\link.5656.read.1.tlog
C:\Users\Colpain\Documents\Visual Studio 2012\Projects\PorterStemmingAlgorithm\PorterStemmingAlgorithm\Debug\link.5656.write.1.tlog
C:\Users\Colpain\Documents\Visual Studio 2012\Projects\PorterStemmingAlgorithm\PorterStemmingAlgorithm\Debug\link.5964-cvtres.read.1.tlog
C:\Users\Colpain\Documents\Visual Studio 2012\Projects\PorterStemmingAlgorithm\PorterStemmingAlgorithm\Debug\link.5964-cvtres.write.1.tlog
C:\Users\Colpain\Documents\Visual Studio 2012\Projects\PorterStemmingAlgorithm\PorterStemmingAlgorithm\Debug\link.5964-rc.read.1.tlog
C:\Users\Colpain\Documents\Visual Studio 2012\Projects\PorterStemmingAlgorithm\PorterStemmingAlgorithm\Debug\link.5964-rc.write.1.tlog
C:\Users\Colpain\Documents\Visual Studio 2012\Projects\PorterStemmingAlgorithm\PorterStemmingAlgorithm\Debug\link.5964.read.1.tlog
C:\Users\Colpain\Documents\Visual Studio 2012\Projects\PorterStemmingAlgorithm\PorterStemmingAlgorithm\Debug\link.5964.write.1.tlog
C:\Users\Colpain\Documents\Visual Studio 2012\Projects\PorterStemmingAlgorithm\PorterStemmingAlgorithm\Debug\link.5984-cvtres.read.1.tlog
C:\Users\Colpain\Documents\Visual Studio 2012\Projects\PorterStemmingAlgorithm\PorterStemmingAlgorithm\Debug\link.5984-cvtres.write.1.tlog
C:\Users\Colpain\Documents\Visual Studio 2012\Projects\PorterStemmingAlgorithm\PorterStemmingAlgorithm\Debug\link.5984-rc.read.1.tlog
C:\Users\Colpain\Documents\Visual Studio 2012\Projects\PorterStemmingAlgorithm\PorterStemmingAlgorithm\Debug\link.5984-rc.write.1.tlog
C:\Users\Colpain\Documents\Visual Studio 2012\Projects\PorterStemmingAlgorithm\PorterStemmingAlgorithm\Debug\link.5984.read.1.tlog
C:\Users\Colpain\Documents\Visual Studio 2012\Projects\PorterStemmingAlgorithm\PorterStemmingAlgorithm\Debug\link.5984.write.1.tlog
C:\Users\Colpain\Documents\Visual Studio 2012\Projects\PorterStemmingAlgorithm\PorterStemmingAlgorithm\Debug\link.6052-cvtres.read.1.tlog
C:\Users\Colpain\Documents\Visual Studio 2012\Projects\PorterStemmingAlgorithm\PorterStemmingAlgorithm\Debug\link.6052-cvtres.write.1.tlog
C:\Users\Colpain\Documents\Visual Studio 2012\Projects\PorterStemmingAlgorithm\PorterStemmingAlgorithm\Debug\link.6052-rc.read.1.tlog
C:\Users\Colpain\Documents\Visual Studio 2012\Projects\PorterStemmingAlgorithm\PorterStemmingAlgorithm\Debug\link.6052-rc.write.1.tlog
C:\Users\Colpain\Documents\Visual Studio 2012\Projects\PorterStemmingAlgorithm\PorterStemmingAlgorithm\Debug\link.6052.read.1.tlog
C:\Users\Colpain\Documents\Visual Studio 2012\Projects\PorterStemmingAlgorithm\PorterStemmingAlgorithm\Debug\link.6052.write.1.tlog
C:\Users\Colpain\Documents\Visual Studio 2012\Projects\PorterStemmingAlgorithm\PorterStemmingAlgorithm\Debug\link.6704-cvtres.read.1.tlog
C:\Users\Colpain\Documents\Visual Studio 2012\Projects\PorterStemmingAlgorithm\PorterStemmingAlgorithm\Debug\link.6704-cvtres.write.1.tlog
C:\Users\Colpain\Documents\Visual Studio 2012\Projects\PorterStemmingAlgorithm\PorterStemmingAlgorithm\Debug\link.6704-rc.read.1.tlog
C:\Users\Colpain\Documents\Visual Studio 2012\Projects\PorterStemmingAlgorithm\PorterStemmingAlgorithm\Debug\link.6704-rc.write.1.tlog
C:\Users\Colpain\Documents\Visual Studio 2012\Projects\PorterStemmingAlgorithm\PorterStemmingAlgorithm\Debug\link.6704.read.1.tlog
C:\Users\Colpain\Documents\Visual Studio 2012\Projects\PorterStemmingAlgorithm\PorterStemmingAlgorithm\Debug\link.6704.write.1.tlog
C:\Users\Colpain\Documents\Visual Studio 2012\Projects\PorterStemmingAlgorithm\PorterStemmingAlgorithm\Debug\link.6824-cvtres.read.1.tlog
C:\Users\Colpain\Documents\Visual Studio 2012\Projects\PorterStemmingAlgorithm\PorterStemmingAlgorithm\Debug\link.6824-cvtres.write.1.tlog
C:\Users\Colpain\Documents\Visual Studio 2012\Projects\PorterStemmingAlgorithm\PorterStemmingAlgorithm\Debug\link.6824-rc.read.1.tlog
C:\Users\Colpain\Documents\Visual Studio 2012\Projects\PorterStemmingAlgorithm\PorterStemmingAlgorithm\Debug\link.6824-rc.write.1.tlog
C:\Users\Colpain\Documents\Visual Studio 2012\Projects\PorterStemmingAlgorithm\PorterStemmingAlgorithm\Debug\link.6824.read.1.tlog
C:\Users\Colpain\Documents\Visual Studio 2012\Projects\PorterStemmingAlgorithm\PorterStemmingAlgorithm\Debug\link.6824.write.1.tlog
C:\Users\Colpain\Documents\Visual Studio 2012\Projects\PorterStemmingAlgorithm\PorterStemmingAlgorithm\Debug\link.6844-cvtres.read.1.tlog
C:\Users\Colpain\Documents\Visual Studio 2012\Projects\PorterStemmingAlgorithm\PorterStemmingAlgorithm\Debug\link.6844-cvtres.write.1.tlog
C:\Users\Colpain\Documents\Visual Studio 2012\Projects\PorterStemmingAlgorithm\PorterStemmingAlgorithm\Debug\link.6844-rc.read.1.tlog
C:\Users\Colpain\Documents\Visual Studio 2012\Projects\PorterStemmingAlgorithm\PorterStemmingAlgorithm\Debug\link.6844-rc.write.1.tlog
C:\Users\Colpain\Documents\Visual Studio 2012\Projects\PorterStemmingAlgorithm\PorterStemmingAlgorithm\Debug\link.6844.read.1.tlog
C:\Users\Colpain\Documents\Visual Studio 2012\Projects\PorterStemmingAlgorithm\PorterStemmingAlgorithm\Debug\link.6844.write.1.tlog
C:\Users\Colpain\Documents\Visual Studio 2012\Projects\PorterStemmingAlgorithm\PorterStemmingAlgorithm\Debug\link.7020-cvtres.read.1.tlog
C:\Users\Colpain\Documents\Visual Studio 2012\Projects\PorterStemmingAlgorithm\PorterStemmingAlgorithm\Debug\link.7020-cvtres.write.1.tlog
C:\Users\Colpain\Documents\Visual Studio 2012\Projects\PorterStemmingAlgorithm\PorterStemmingAlgorithm\Debug\link.7020-rc.read.1.tlog
C:\Users\Colpain\Documents\Visual Studio 2012\Projects\PorterStemmingAlgorithm\PorterStemmingAlgorithm\Debug\link.7020-rc.write.1.tlog
C:\Users\Colpain\Documents\Visual Studio 2012\Projects\PorterStemmingAlgorithm\PorterStemmingAlgorithm\Debug\link.7020.read.1.tlog
C:\Users\Colpain\Documents\Visual Studio 2012\Projects\PorterStemmingAlgorithm\PorterStemmingAlgorithm\Debug\link.7020.write.1.tlog
C:\Users\Colpain\Documents\Visual Studio 2012\Projects\PorterStemmingAlgorithm\PorterStemmingAlgorithm\Debug\link.7104-cvtres.read.1.tlog
C:\Users\Colpain\Documents\Visual Studio 2012\Projects\PorterStemmingAlgorithm\PorterStemmingAlgorithm\Debug\link.7104-cvtres.write.1.tlog
C:\Users\Colpain\Documents\Visual Studio 2012\Projects\PorterStemmingAlgorithm\PorterStemmingAlgorithm\Debug\link.7104-rc.read.1.tlog
C:\Users\Colpain\Documents\Visual Studio 2012\Projects\PorterStemmingAlgorithm\PorterStemmingAlgorithm\Debug\link.7104-rc.write.1.tlog
C:\Users\Colpain\Documents\Visual Studio 2012\Projects\PorterStemmingAlgorithm\PorterStemmingAlgorithm\Debug\link.7104.read.1.tlog
C:\Users\Colpain\Documents\Visual Studio 2012\Projects\PorterStemmingAlgorithm\PorterStemmingAlgorithm\Debug\link.7104.write.1.tlog
C:\Users\Colpain\Documents\Visual Studio 2012\Projects\PorterStemmingAlgorithm\PorterStemmingAlgorithm\Debug\link.7380-cvtres.read.1.tlog
C:\Users\Colpain\Documents\Visual Studio 2012\Projects\PorterStemmingAlgorithm\PorterStemmingAlgorithm\Debug\link.7380-cvtres.write.1.tlog
C:\Users\Colpain\Documents\Visual Studio 2012\Projects\PorterStemmingAlgorithm\PorterStemmingAlgorithm\Debug\link.7380-rc.read.1.tlog
C:\Users\Colpain\Documents\Visual Studio 2012\Projects\PorterStemmingAlgorithm\PorterStemmingAlgorithm\Debug\link.7380-rc.write.1.tlog
C:\Users\Colpain\Documents\Visual Studio 2012\Projects\PorterStemmingAlgorithm\PorterStemmingAlgorithm\Debug\link.7380.read.1.tlog
C:\Users\Colpain\Documents\Visual Studio 2012\Projects\PorterStemmingAlgorithm\PorterStemmingAlgorithm\Debug\link.7380.write.1.tlog
C:\Users\Colpain\Documents\Visual Studio 2012\Projects\PorterStemmingAlgorithm\PorterStemmingAlgorithm\Debug\link.7552-cvtres.read.1.tlog
C:\Users\Colpain\Documents\Visual Studio 2012\Projects\PorterStemmingAlgorithm\PorterStemmingAlgorithm\Debug\link.7552-cvtres.write.1.tlog
C:\Users\Colpain\Documents\Visual Studio 2012\Projects\PorterStemmingAlgorithm\PorterStemmingAlgorithm\Debug\link.7552-rc.read.1.tlog
C:\Users\Colpain\Documents\Visual Studio 2012\Projects\PorterStemmingAlgorithm\PorterStemmingAlgorithm\Debug\link.7552-rc.write.1.tlog
C:\Users\Colpain\Documents\Visual Studio 2012\Projects\PorterStemmingAlgorithm\PorterStemmingAlgorithm\Debug\link.7552.read.1.tlog
C:\Users\Colpain\Documents\Visual Studio 2012\Projects\PorterStemmingAlgorithm\PorterStemmingAlgorithm\Debug\link.7552.write.1.tlog
C:\Users\Colpain\Documents\Visual Studio 2012\Projects\PorterStemmingAlgorithm\PorterStemmingAlgorithm\Debug\link.7604-cvtres.read.1.tlog
C:\Users\Colpain\Documents\Visual Studio 2012\Projects\PorterStemmingAlgorithm\PorterStemmingAlgorithm\Debug\link.7604-cvtres.write.1.tlog
C:\Users\Colpain\Documents\Visual Studio 2012\Projects\PorterStemmingAlgorithm\PorterStemmingAlgorithm\Debug\link.7604-rc.read.1.tlog
C:\Users\Colpain\Documents\Visual Studio 2012\Projects\PorterStemmingAlgorithm\PorterStemmingAlgorithm\Debug\link.7604-rc.write.1.tlog
C:\Users\Colpain\Documents\Visual Studio 2012\Projects\PorterStemmingAlgorithm\PorterStemmingAlgorithm\Debug\link.7604.read.1.tlog
C:\Users\Colpain\Documents\Visual Studio 2012\Projects\PorterStemmingAlgorithm\PorterStemmingAlgorithm\Debug\link.7604.write.1.tlog
C:\Users\Colpain\Documents\Visual Studio 2012\Projects\PorterStemmingAlgorithm\PorterStemmingAlgorithm\Debug\link.7772-cvtres.read.1.tlog
C:\Users\Colpain\Documents\Visual Studio 2012\Projects\PorterStemmingAlgorithm\PorterStemmingAlgorithm\Debug\link.7772-cvtres.write.1.tlog
C:\Users\Colpain\Documents\Visual Studio 2012\Projects\PorterStemmingAlgorithm\PorterStemmingAlgorithm\Debug\link.7772-rc.read.1.tlog
C:\Users\Colpain\Documents\Visual Studio 2012\Projects\PorterStemmingAlgorithm\PorterStemmingAlgorithm\Debug\link.7772-rc.write.1.tlog
C:\Users\Colpain\Documents\Visual Studio 2012\Projects\PorterStemmingAlgorithm\PorterStemmingAlgorithm\Debug\link.7772.read.1.tlog
C:\Users\Colpain\Documents\Visual Studio 2012\Projects\PorterStemmingAlgorithm\PorterStemmingAlgorithm\Debug\link.7772.write.1.tlog
C:\Users\Colpain\Documents\Visual Studio 2012\Projects\PorterStemmingAlgorithm\PorterStemmingAlgorithm\Debug\link.7928-cvtres.read.1.tlog
C:\Users\Colpain\Documents\Visual Studio 2012\Projects\PorterStemmingAlgorithm\PorterStemmingAlgorithm\Debug\link.7928-cvtres.write.1.tlog
C:\Users\Colpain\Documents\Visual Studio 2012\Projects\PorterStemmingAlgorithm\PorterStemmingAlgorithm\Debug\link.7928-rc.read.1.tlog
C:\Users\Colpain\Documents\Visual Studio 2012\Projects\PorterStemmingAlgorithm\PorterStemmingAlgorithm\Debug\link.7928-rc.write.1.tlog
C:\Users\Colpain\Documents\Visual Studio 2012\Projects\PorterStemmingAlgorithm\PorterStemmingAlgorithm\Debug\link.7928.read.1.tlog
C:\Users\Colpain\Documents\Visual Studio 2012\Projects\PorterStemmingAlgorithm\PorterStemmingAlgorithm\Debug\link.7928.write.1.tlog
C:\Users\Colpain\Documents\Visual Studio 2012\Projects\PorterStemmingAlgorithm\PorterStemmingAlgorithm\Debug\link.7976-cvtres.read.1.tlog
C:\Users\Colpain\Documents\Visual Studio 2012\Projects\PorterStemmingAlgorithm\PorterStemmingAlgorithm\Debug\link.7976-cvtres.write.1.tlog
C:\Users\Colpain\Documents\Visual Studio 2012\Projects\PorterStemmingAlgorithm\PorterStemmingAlgorithm\Debug\link.7976-rc.read.1.tlog
C:\Users\Colpain\Documents\Visual Studio 2012\Projects\PorterStemmingAlgorithm\PorterStemmingAlgorithm\Debug\link.7976-rc.write.1.tlog
C:\Users\Colpain\Documents\Visual Studio 2012\Projects\PorterStemmingAlgorithm\PorterStemmingAlgorithm\Debug\link.7976.read.1.tlog
C:\Users\Colpain\Documents\Visual Studio 2012\Projects\PorterStemmingAlgorithm\PorterStemmingAlgorithm\Debug\link.7976.write.1.tlog
C:\Users\Colpain\Documents\Visual Studio 2012\Projects\PorterStemmingAlgorithm\PorterStemmingAlgorithm\Debug\link.8056-cvtres.read.1.tlog
C:\Users\Colpain\Documents\Visual Studio 2012\Projects\PorterStemmingAlgorithm\PorterStemmingAlgorithm\Debug\link.8056-cvtres.write.1.tlog
C:\Users\Colpain\Documents\Visual Studio 2012\Projects\PorterStemmingAlgorithm\PorterStemmingAlgorithm\Debug\link.8056-rc.read.1.tlog
C:\Users\Colpain\Documents\Visual Studio 2012\Projects\PorterStemmingAlgorithm\PorterStemmingAlgorithm\Debug\link.8056-rc.write.1.tlog
C:\Users\Colpain\Documents\Visual Studio 2012\Projects\PorterStemmingAlgorithm\PorterStemmingAlgorithm\Debug\link.8056.read.1.tlog
C:\Users\Colpain\Documents\Visual Studio 2012\Projects\PorterStemmingAlgorithm\PorterStemmingAlgorithm\Debug\link.8056.write.1.tlog
C:\Users\Colpain\Documents\Visual Studio 2012\Projects\PorterStemmingAlgorithm\PorterStemmingAlgorithm\Debug\link.8128-cvtres.read.1.tlog
C:\Users\Colpain\Documents\Visual Studio 2012\Projects\PorterStemmingAlgorithm\PorterStemmingAlgorithm\Debug\link.8128-cvtres.write.1.tlog
C:\Users\Colpain\Documents\Visual Studio 2012\Projects\PorterStemmingAlgorithm\PorterStemmingAlgorithm\Debug\link.8128-rc.read.1.tlog
C:\Users\Colpain\Documents\Visual Studio 2012\Projects\PorterStemmingAlgorithm\PorterStemmingAlgorithm\Debug\link.8128-rc.write.1.tlog
C:\Users\Colpain\Documents\Visual Studio 2012\Projects\PorterStemmingAlgorithm\PorterStemmingAlgorithm\Debug\link.8128.read.1.tlog
C:\Users\Colpain\Documents\Visual Studio 2012\Projects\PorterStemmingAlgorithm\PorterStemmingAlgorithm\Debug\link.8128.write.1.tlog
C:\Users\Colpain\Documents\Visual Studio 2012\Projects\PorterStemmingAlgorithm\PorterStemmingAlgorithm\Debug\link.8132-cvtres.read.1.tlog
C:\Users\Colpain\Documents\Visual Studio 2012\Projects\PorterStemmingAlgorithm\PorterStemmingAlgorithm\Debug\link.8132-cvtres.write.1.tlog
C:\Users\Colpain\Documents\Visual Studio 2012\Projects\PorterStemmingAlgorithm\PorterStemmingAlgorithm\Debug\link.8132-rc.read.1.tlog
C:\Users\Colpain\Documents\Visual Studio 2012\Projects\PorterStemmingAlgorithm\PorterStemmingAlgorithm\Debug\link.8132-rc.write.1.tlog
C:\Users\Colpain\Documents\Visual Studio 2012\Projects\PorterStemmingAlgorithm\PorterStemmingAlgorithm\Debug\link.8132.read.1.tlog
C:\Users\Colpain\Documents\Visual Studio 2012\Projects\PorterStemmingAlgorithm\PorterStemmingAlgorithm\Debug\link.8132.write.1.tlog
C:\Users\Colpain\Documents\Visual Studio 2012\Projects\PorterStemmingAlgorithm\PorterStemmingAlgorithm\Debug\link.8148-cvtres.read.1.tlog
C:\Users\Colpain\Documents\Visual Studio 2012\Projects\PorterStemmingAlgorithm\PorterStemmingAlgorithm\Debug\link.8148-cvtres.write.1.tlog
C:\Users\Colpain\Documents\Visual Studio 2012\Projects\PorterStemmingAlgorithm\PorterStemmingAlgorithm\Debug\link.8148-rc.read.1.tlog
C:\Users\Colpain\Documents\Visual Studio 2012\Projects\PorterStemmingAlgorithm\PorterStemmingAlgorithm\Debug\link.8148-rc.write.1.tlog
C:\Users\Colpain\Documents\Visual Studio 2012\Projects\PorterStemmingAlgorithm\PorterStemmingAlgorithm\Debug\link.8148.read.1.tlog
C:\Users\Colpain\Documents\Visual Studio 2012\Projects\PorterStemmingAlgorithm\PorterStemmingAlgorithm\Debug\link.8148.write.1.tlog
C:\Users\Colpain\Documents\Visual Studio 2012\Projects\PorterStemmingAlgorithm\PorterStemmingAlgorithm\Debug\link.8164-cvtres.read.1.tlog
C:\Users\Colpain\Documents\Visual Studio 2012\Projects\PorterStemmingAlgorithm\PorterStemmingAlgorithm\Debug\link.8164-cvtres.write.1.tlog
C:\Users\Colpain\Documents\Visual Studio 2012\Projects\PorterStemmingAlgorithm\PorterStemmingAlgorithm\Debug\link.8164-rc.read.1.tlog
C:\Users\Colpain\Documents\Visual Studio 2012\Projects\PorterStemmingAlgorithm\PorterStemmingAlgorithm\Debug\link.8164-rc.write.1.tlog
C:\Users\Colpain\Documents\Visual Studio 2012\Projects\PorterStemmingAlgorithm\PorterStemmingAlgorithm\Debug\link.8164.read.1.tlog
C:\Users\Colpain\Documents\Visual Studio 2012\Projects\PorterStemmingAlgorithm\PorterStemmingAlgorithm\Debug\link.8164.write.1.tlog
C:\Users\Colpain\Documents\Visual Studio 2012\Projects\PorterStemmingAlgorithm\PorterStemmingAlgorithm\Debug\link.848-cvtres.read.1.tlog
C:\Users\Colpain\Documents\Visual Studio 2012\Projects\PorterStemmingAlgorithm\PorterStemmingAlgorithm\Debug\link.848-cvtres.write.1.tlog
C:\Users\Colpain\Documents\Visual Studio 2012\Projects\PorterStemmingAlgorithm\PorterStemmingAlgorithm\Debug\link.848-rc.read.1.tlog
C:\Users\Colpain\Documents\Visual Studio 2012\Projects\PorterStemmingAlgorithm\PorterStemmingAlgorithm\Debug\link.848-rc.write.1.tlog
C:\Users\Colpain\Documents\Visual Studio 2012\Projects\PorterStemmingAlgorithm\PorterStemmingAlgorithm\Debug\link.848.read.1.tlog
C:\Users\Colpain\Documents\Visual Studio 2012\Projects\PorterStemmingAlgorithm\PorterStemmingAlgorithm\Debug\link.848.write.1.tlog
C:\Users\Colpain\Documents\Visual Studio 2012\Projects\PorterStemmingAlgorithm\PorterStemmingAlgorithm\Debug\link.command.1.tlog
C:\Users\Colpain\Documents\Visual Studio 2012\Projects\PorterStemmingAlgorithm\PorterStemmingAlgorithm\Debug\link.read.1.tlog
C:\Users\Colpain\Documents\Visual Studio 2012\Projects\PorterStemmingAlgorithm\PorterStemmingAlgorithm\Debug\link.write.1.tlog
C:\Users\Colpain\Documents\Visual Studio 2012\Projects\PorterStemmingAlgorithm\Debug\PorterStemmingAlgorithm.pdb
C:\Users\Colpain\Documents\Visual Studio 2012\Projects\PorterStemmingAlgorithm\Debug\PorterStemmingAlgorithm.exe
C:\Users\Colpain\Documents\Visual Studio 2012\Projects\PorterStemmingAlgorithm\Debug\PorterStemmingAlgorithm.ilk
